<?xml version="1.0" encoding="UTF-8"?>
<!-- Generated by org.testng.reporters.JUnitXMLReporter -->
<testsuite ignored="3" hostname="DESKTOP-J9JQ713" failures="4" tests="8" name="Test" time="2.972" errors="0" timestamp="2023-03-31T15:49:32 IST">
  <testcase classname="script.TC_001" name="verifyAddedCustomerShowsInUSPDropDown" time="0.042">
    <skipped/>
  </testcase> <!-- verifyAddedCustomerShowsInUSPDropDown -->
  <testcase classname="script.TC_001" name="verifyAddedCustomerShowsInUSPDropDown" time="0.003">
    <failure type="java.lang.NullPointerException" message="Cannot invoke &amp;quot;org.openqa.selenium.SearchContext.findElement(org.openqa.selenium.By)&amp;quot; because &amp;quot;this.searchContext&amp;quot; is null">
      <![CDATA[java.lang.NullPointerException: Cannot invoke "org.openqa.selenium.SearchContext.findElement(org.openqa.selenium.By)" because "this.searchContext" is null
at org.openqa.selenium.support.pagefactory.DefaultElementLocator.findElement(DefaultElementLocator.java:70)
at org.openqa.selenium.support.pagefactory.internal.LocatingElementHandler.invoke(LocatingElementHandler.java:39)
at jdk.proxy2/jdk.proxy2.$Proxy19.sendKeys(Unknown Source)
at page.LoginPage.enterLoginDetailsAndSubmit(LoginPage.java:38)
at script.TC_001.verifyAddedCustomerShowsInUSPDropDown(TC_001.java:46)
at java.base/java.util.ArrayList.forEach(ArrayList.java:1511)
... Removed 27 stack frames]]>
    </failure>
  </testcase> <!-- verifyAddedCustomerShowsInUSPDropDown -->
  <testcase classname="script.TC_001" name="verifyAddedCustomerShowsInUSPDropDown" time="0.005">
    <skipped/>
  </testcase> <!-- verifyAddedCustomerShowsInUSPDropDown -->
  <testcase classname="script.TC_001" name="verifyAddedCustomerShowsInUSPDropDown" time="0.006">
    <failure type="java.lang.NullPointerException" message="Cannot invoke &amp;quot;org.openqa.selenium.SearchContext.findElement(org.openqa.selenium.By)&amp;quot; because &amp;quot;this.searchContext&amp;quot; is null">
      <![CDATA[java.lang.NullPointerException: Cannot invoke "org.openqa.selenium.SearchContext.findElement(org.openqa.selenium.By)" because "this.searchContext" is null
at org.openqa.selenium.support.pagefactory.DefaultElementLocator.findElement(DefaultElementLocator.java:70)
at org.openqa.selenium.support.pagefactory.internal.LocatingElementHandler.invoke(LocatingElementHandler.java:39)
at jdk.proxy2/jdk.proxy2.$Proxy19.sendKeys(Unknown Source)
at page.LoginPage.enterLoginDetailsAndSubmit(LoginPage.java:38)
at script.TC_001.verifyAddedCustomerShowsInUSPDropDown(TC_001.java:46)
at java.base/java.util.ArrayList.forEach(ArrayList.java:1511)
... Removed 27 stack frames]]>
    </failure>
  </testcase> <!-- verifyAddedCustomerShowsInUSPDropDown -->
  <testcase classname="script.TC_002" name="VerifyUSPAddedCustomerPresentInAdminPage" time="0.266">
    <skipped/>
  </testcase> <!-- VerifyUSPAddedCustomerPresentInAdminPage -->
  <testcase classname="script.TC_002" name="VerifyUSPAddedCustomerPresentInAdminPage" time="0.226">
    <failure type="java.lang.NullPointerException" message="Cannot invoke &amp;quot;org.openqa.selenium.SearchContext.findElement(org.openqa.selenium.By)&amp;quot; because &amp;quot;this.searchContext&amp;quot; is null">
      <![CDATA[java.lang.NullPointerException: Cannot invoke "org.openqa.selenium.SearchContext.findElement(org.openqa.selenium.By)" because "this.searchContext" is null
at org.openqa.selenium.support.pagefactory.DefaultElementLocator.findElement(DefaultElementLocator.java:70)
at org.openqa.selenium.support.pagefactory.internal.LocatingElementHandler.invoke(LocatingElementHandler.java:39)
at jdk.proxy2/jdk.proxy2.$Proxy19.sendKeys(Unknown Source)
at page.LoginPage.enterLoginDetailsAndSubmit(LoginPage.java:38)
at script.TC_002.VerifyUSPAddedCustomerPresentInAdminPage(TC_002.java:31)
at java.base/java.util.ArrayList.forEach(ArrayList.java:1511)
... Removed 27 stack frames]]>
    </failure>
  </testcase> <!-- VerifyUSPAddedCustomerPresentInAdminPage -->
  <testcase classname="script.TC_003" name="verifyCustomerNameShowsInInvoice" time="0.167">
    <skipped/>
  </testcase> <!-- verifyCustomerNameShowsInInvoice -->
  <testcase classname="script.TC_003" name="verifyCustomerNameShowsInInvoice" time="0.157">
    <failure type="java.lang.NullPointerException" message="Cannot invoke &amp;quot;org.openqa.selenium.SearchContext.findElement(org.openqa.selenium.By)&amp;quot; because &amp;quot;this.searchContext&amp;quot; is null">
      <![CDATA[java.lang.NullPointerException: Cannot invoke "org.openqa.selenium.SearchContext.findElement(org.openqa.selenium.By)" because "this.searchContext" is null
at org.openqa.selenium.support.pagefactory.DefaultElementLocator.findElement(DefaultElementLocator.java:70)
at org.openqa.selenium.support.pagefactory.internal.LocatingElementHandler.invoke(LocatingElementHandler.java:39)
at jdk.proxy2/jdk.proxy2.$Proxy19.sendKeys(Unknown Source)
at page.LoginPage.enterLoginDetailsAndSubmit(LoginPage.java:38)
at script.TC_003.verifyCustomerNameShowsInInvoice(TC_003.java:29)
at java.base/java.util.ArrayList.forEach(ArrayList.java:1511)
... Removed 27 stack frames]]>
    </failure>
  </testcase> <!-- verifyCustomerNameShowsInInvoice -->
  <testcase classname="script.TC_010" name="generateInvoice" time="0.0">
    <ignored/>
  </testcase> <!-- generateInvoice -->
  <testcase classname="script.TC_integeration_01" name="checkCustomerNamesAreSorted" time="0.0">
    <ignored/>
  </testcase> <!-- checkCustomerNamesAreSorted -->
  <testcase classname="script.TC_012" name="verifyProductInInventoryAndUserPage" time="0.0">
    <ignored/>
  </testcase> <!-- verifyProductInInventoryAndUserPage -->
</testsuite> <!-- Test -->
